{"text": "2024-02-08 06:27:06 | INFO    | __main__:stash:131 | run - {'image': '20231121', 'version': '0.10.1.post2', 'role': 'EpicPlayer', 'headless': True}\n", "record": {"elapsed": {"repr": "0:00:01.941411", "seconds": 1.941411}, "exception": null, "extra": {"image": "20231121", "version": "0.10.1.post2", "role": "EpicPlayer", "headless": true}, "file": {"name": "claim.py", "path": "/home/runner/work/Epic-game-Free/Epic-game-Free/epic/src/claim.py"}, "function": "stash", "level": {"icon": "‚ÑπÔ∏è", "name": "INFO", "no": 20}, "line": 131, "message": "run", "module": "claim", "name": "__main__", "process": {"id": 3515, "name": "MainProcess"}, "thread": {"id": 140150600715136, "name": "MainThread"}, "time": {"repr": "2024-02-08 06:27:06.658662+08:00", "timestamp": 1707344826.658662}}}
{"text": "2024-02-08 06:27:13 | WARNING    | epic_games.agent:get_order_history:467 | Failed to get order history, cookie may have expired - {}\n", "record": {"elapsed": {"repr": "0:00:09.187568", "seconds": 9.187568}, "exception": null, "extra": {}, "file": {"name": "agent.py", "path": "/home/runner/work/Epic-game-Free/Epic-game-Free/epic/src/epic_games/agent.py"}, "function": "get_order_history", "level": {"icon": "‚ö†Ô∏è", "name": "WARNING", "no": 30}, "line": 467, "message": "Failed to get order history, cookie may have expired", "module": "agent", "name": "epic_games.agent", "process": {"id": 3515, "name": "MainProcess"}, "thread": {"id": 140150600715136, "name": "MainThread"}, "time": {"repr": "2024-02-08 06:27:13.904819+08:00", "timestamp": 1707344833.904819}}}
{"text": "2024-02-08 06:27:14 | DEBUG    | __main__:create_tasks:66 | Put task - {'title': 'Doors - Paradox', 'url': 'https://store.epicgames.com/en-US/p/doors-paradox-5896c7'}\n", "record": {"elapsed": {"repr": "0:00:09.363263", "seconds": 9.363263}, "exception": null, "extra": {"title": "Doors - Paradox", "url": "https://store.epicgames.com/en-US/p/doors-paradox-5896c7"}, "file": {"name": "claim.py", "path": "/home/runner/work/Epic-game-Free/Epic-game-Free/epic/src/claim.py"}, "function": "create_tasks", "level": {"icon": "üêû", "name": "DEBUG", "no": 10}, "line": 66, "message": "Put task", "module": "claim", "name": "__main__", "process": {"id": 3515, "name": "MainProcess"}, "thread": {"id": 140150600715136, "name": "MainThread"}, "time": {"repr": "2024-02-08 06:27:14.080514+08:00", "timestamp": 1707344834.080514}}}
{"text": "2024-02-08 06:27:18 | INFO    | epic_games.agent:claim_weekly_games:294 | claim_weekly_games - {'action': 'go to store', 'url': 'https://store.epicgames.com/en-US/p/doors-paradox-5896c7'}\n", "record": {"elapsed": {"repr": "0:00:13.591015", "seconds": 13.591015}, "exception": null, "extra": {"action": "go to store", "url": "https://store.epicgames.com/en-US/p/doors-paradox-5896c7"}, "file": {"name": "agent.py", "path": "/home/runner/work/Epic-game-Free/Epic-game-Free/epic/src/epic_games/agent.py"}, "function": "claim_weekly_games", "level": {"icon": "‚ÑπÔ∏è", "name": "INFO", "no": 20}, "line": 294, "message": "claim_weekly_games", "module": "agent", "name": "epic_games.agent", "process": {"id": 3515, "name": "MainProcess"}, "thread": {"id": 140150600715136, "name": "MainThread"}, "time": {"repr": "2024-02-08 06:27:18.308266+08:00", "timestamp": 1707344838.308266}}}
{"text": "2024-02-08 06:27:27 | INFO    | epic_games.agent:claim_weekly_games:326 | claim_weekly_games - {'action': 'move to webPurchaseContainer iframe'}\n", "record": {"elapsed": {"repr": "0:00:22.593443", "seconds": 22.593443}, "exception": null, "extra": {"action": "move to webPurchaseContainer iframe"}, "file": {"name": "agent.py", "path": "/home/runner/work/Epic-game-Free/Epic-game-Free/epic/src/epic_games/agent.py"}, "function": "claim_weekly_games", "level": {"icon": "‚ÑπÔ∏è", "name": "INFO", "no": 20}, "line": 326, "message": "claim_weekly_games", "module": "agent", "name": "epic_games.agent", "process": {"id": 3515, "name": "MainProcess"}, "thread": {"id": 140150600715136, "name": "MainThread"}, "time": {"repr": "2024-02-08 06:27:27.310694+08:00", "timestamp": 1707344847.310694}}}
{"text": "2024-02-08 06:27:29 | INFO    | epic_games.agent:claim_weekly_games:328 | claim_weekly_games - {'action': 'click payment button'}\n", "record": {"elapsed": {"repr": "0:00:24.991689", "seconds": 24.991689}, "exception": null, "extra": {"action": "click payment button"}, "file": {"name": "agent.py", "path": "/home/runner/work/Epic-game-Free/Epic-game-Free/epic/src/epic_games/agent.py"}, "function": "claim_weekly_games", "level": {"icon": "‚ÑπÔ∏è", "name": "INFO", "no": 20}, "line": 328, "message": "claim_weekly_games", "module": "agent", "name": "epic_games.agent", "process": {"id": 3515, "name": "MainProcess"}, "thread": {"id": 140150600715136, "name": "MainThread"}, "time": {"repr": "2024-02-08 06:27:29.708940+08:00", "timestamp": 1707344849.70894}}}
{"text": "2024-02-08 06:27:34 | DEBUG    | hcaptcha_challenger.agents.playwright.control:_parse_label:241 | get task - {'prompt': 'Please click on the obœ≥ect that differs from others.'}\n", "record": {"elapsed": {"repr": "0:00:29.995131", "seconds": 29.995131}, "exception": null, "extra": {"prompt": "Please click on the obœ≥ect that differs from others."}, "file": {"name": "control.py", "path": "/opt/hostedtoolcache/Python/3.10.13/x64/lib/python3.10/site-packages/hcaptcha_challenger/agents/playwright/control.py"}, "function": "_parse_label", "level": {"icon": "üêû", "name": "DEBUG", "no": 10}, "line": 241, "message": "get task", "module": "control", "name": "hcaptcha_challenger.agents.playwright.control", "process": {"id": 3515, "name": "MainProcess"}, "thread": {"id": 140150600715136, "name": "MainThread"}, "time": {"repr": "2024-02-08 06:27:34.712382+08:00", "timestamp": 1707344854.712382}}}
{"text": "2024-02-08 06:27:39 | DEBUG    | epic_games.agent:insert_challenge:106 | task done - {'sattus': 'success'}\n", "record": {"elapsed": {"repr": "0:00:35.013510", "seconds": 35.01351}, "exception": null, "extra": {"sattus": "success"}, "file": {"name": "agent.py", "path": "/home/runner/work/Epic-game-Free/Epic-game-Free/epic/src/epic_games/agent.py"}, "function": "insert_challenge", "level": {"icon": "üêû", "name": "DEBUG", "no": 10}, "line": 106, "message": "task done", "module": "agent", "name": "epic_games.agent", "process": {"id": 3515, "name": "MainProcess"}, "thread": {"id": 140150600715136, "name": "MainThread"}, "time": {"repr": "2024-02-08 06:27:39.730761+08:00", "timestamp": 1707344859.730761}}}
{"text": "2024-02-08 06:28:11 | INFO    | epic_games.agent:claim_weekly_games:294 | claim_weekly_games - {'action': 'go to store', 'url': 'https://store.epicgames.com/en-US/p/doors-paradox-5896c7'}\n", "record": {"elapsed": {"repr": "0:01:07.152384", "seconds": 67.152384}, "exception": null, "extra": {"action": "go to store", "url": "https://store.epicgames.com/en-US/p/doors-paradox-5896c7"}, "file": {"name": "agent.py", "path": "/home/runner/work/Epic-game-Free/Epic-game-Free/epic/src/epic_games/agent.py"}, "function": "claim_weekly_games", "level": {"icon": "‚ÑπÔ∏è", "name": "INFO", "no": 20}, "line": 294, "message": "claim_weekly_games", "module": "agent", "name": "epic_games.agent", "process": {"id": 3515, "name": "MainProcess"}, "thread": {"id": 140150600715136, "name": "MainThread"}, "time": {"repr": "2024-02-08 06:28:11.869635+08:00", "timestamp": 1707344891.869635}}}
{"text": "2024-02-08 06:28:20 | INFO    | epic_games.agent:claim_weekly_games:326 | claim_weekly_games - {'action': 'move to webPurchaseContainer iframe'}\n", "record": {"elapsed": {"repr": "0:01:15.395413", "seconds": 75.395413}, "exception": null, "extra": {"action": "move to webPurchaseContainer iframe"}, "file": {"name": "agent.py", "path": "/home/runner/work/Epic-game-Free/Epic-game-Free/epic/src/epic_games/agent.py"}, "function": "claim_weekly_games", "level": {"icon": "‚ÑπÔ∏è", "name": "INFO", "no": 20}, "line": 326, "message": "claim_weekly_games", "module": "agent", "name": "epic_games.agent", "process": {"id": 3515, "name": "MainProcess"}, "thread": {"id": 140150600715136, "name": "MainThread"}, "time": {"repr": "2024-02-08 06:28:20.112664+08:00", "timestamp": 1707344900.112664}}}
{"text": "2024-02-08 06:28:22 | INFO    | epic_games.agent:claim_weekly_games:328 | claim_weekly_games - {'action': 'click payment button'}\n", "record": {"elapsed": {"repr": "0:01:17.787749", "seconds": 77.787749}, "exception": null, "extra": {"action": "click payment button"}, "file": {"name": "agent.py", "path": "/home/runner/work/Epic-game-Free/Epic-game-Free/epic/src/epic_games/agent.py"}, "function": "claim_weekly_games", "level": {"icon": "‚ÑπÔ∏è", "name": "INFO", "no": 20}, "line": 328, "message": "claim_weekly_games", "module": "agent", "name": "epic_games.agent", "process": {"id": 3515, "name": "MainProcess"}, "thread": {"id": 140150600715136, "name": "MainThread"}, "time": {"repr": "2024-02-08 06:28:22.505000+08:00", "timestamp": 1707344902.505}}}
{"text": "2024-02-08 06:28:27 | DEBUG    | hcaptcha_challenger.agents.playwright.control:_parse_label:241 | get task - {'prompt': 'Please cl—ñck on the object that differs from ot“ªers.'}\n", "record": {"elapsed": {"repr": "0:01:22.789565", "seconds": 82.789565}, "exception": null, "extra": {"prompt": "Please cl—ñck on the object that differs from ot“ªers."}, "file": {"name": "control.py", "path": "/opt/hostedtoolcache/Python/3.10.13/x64/lib/python3.10/site-packages/hcaptcha_challenger/agents/playwright/control.py"}, "function": "_parse_label", "level": {"icon": "üêû", "name": "DEBUG", "no": 10}, "line": 241, "message": "get task", "module": "control", "name": "hcaptcha_challenger.agents.playwright.control", "process": {"id": 3515, "name": "MainProcess"}, "thread": {"id": 140150600715136, "name": "MainThread"}, "time": {"repr": "2024-02-08 06:28:27.506816+08:00", "timestamp": 1707344907.506816}}}
{"text": "2024-02-08 06:28:32 | DEBUG    | epic_games.agent:insert_challenge:106 | task done - {'sattus': 'success'}\n", "record": {"elapsed": {"repr": "0:01:27.687784", "seconds": 87.687784}, "exception": null, "extra": {"sattus": "success"}, "file": {"name": "agent.py", "path": "/home/runner/work/Epic-game-Free/Epic-game-Free/epic/src/epic_games/agent.py"}, "function": "insert_challenge", "level": {"icon": "üêû", "name": "DEBUG", "no": 10}, "line": 106, "message": "task done", "module": "agent", "name": "epic_games.agent", "process": {"id": 3515, "name": "MainProcess"}, "thread": {"id": 140150600715136, "name": "MainThread"}, "time": {"repr": "2024-02-08 06:28:32.405035+08:00", "timestamp": 1707344912.405035}}}
{"text": "2024-02-08 06:29:04 | INFO    | epic_games.agent:claim_weekly_games:294 | claim_weekly_games - {'action': 'go to store', 'url': 'https://store.epicgames.com/en-US/p/doors-paradox-5896c7'}\n", "record": {"elapsed": {"repr": "0:01:59.856662", "seconds": 119.856662}, "exception": null, "extra": {"action": "go to store", "url": "https://store.epicgames.com/en-US/p/doors-paradox-5896c7"}, "file": {"name": "agent.py", "path": "/home/runner/work/Epic-game-Free/Epic-game-Free/epic/src/epic_games/agent.py"}, "function": "claim_weekly_games", "level": {"icon": "‚ÑπÔ∏è", "name": "INFO", "no": 20}, "line": 294, "message": "claim_weekly_games", "module": "agent", "name": "epic_games.agent", "process": {"id": 3515, "name": "MainProcess"}, "thread": {"id": 140150600715136, "name": "MainThread"}, "time": {"repr": "2024-02-08 06:29:04.573913+08:00", "timestamp": 1707344944.573913}}}
{"text": "2024-02-08 06:29:12 | INFO    | epic_games.agent:claim_weekly_games:326 | claim_weekly_games - {'action': 'move to webPurchaseContainer iframe'}\n", "record": {"elapsed": {"repr": "0:02:08.144163", "seconds": 128.144163}, "exception": null, "extra": {"action": "move to webPurchaseContainer iframe"}, "file": {"name": "agent.py", "path": "/home/runner/work/Epic-game-Free/Epic-game-Free/epic/src/epic_games/agent.py"}, "function": "claim_weekly_games", "level": {"icon": "‚ÑπÔ∏è", "name": "INFO", "no": 20}, "line": 326, "message": "claim_weekly_games", "module": "agent", "name": "epic_games.agent", "process": {"id": 3515, "name": "MainProcess"}, "thread": {"id": 140150600715136, "name": "MainThread"}, "time": {"repr": "2024-02-08 06:29:12.861414+08:00", "timestamp": 1707344952.861414}}}
{"text": "2024-02-08 06:29:15 | INFO    | epic_games.agent:claim_weekly_games:328 | claim_weekly_games - {'action': 'click payment button'}\n", "record": {"elapsed": {"repr": "0:02:10.532646", "seconds": 130.532646}, "exception": null, "extra": {"action": "click payment button"}, "file": {"name": "agent.py", "path": "/home/runner/work/Epic-game-Free/Epic-game-Free/epic/src/epic_games/agent.py"}, "function": "claim_weekly_games", "level": {"icon": "‚ÑπÔ∏è", "name": "INFO", "no": 20}, "line": 328, "message": "claim_weekly_games", "module": "agent", "name": "epic_games.agent", "process": {"id": 3515, "name": "MainProcess"}, "thread": {"id": 140150600715136, "name": "MainThread"}, "time": {"repr": "2024-02-08 06:29:15.249897+08:00", "timestamp": 1707344955.249897}}}
{"text": "2024-02-08 06:29:20 | DEBUG    | hcaptcha_challenger.agents.playwright.control:_parse_label:241 | get task - {'prompt': 'Please click on the obœ≥ect th–∞t differs from others.'}\n", "record": {"elapsed": {"repr": "0:02:15.534856", "seconds": 135.534856}, "exception": null, "extra": {"prompt": "Please click on the obœ≥ect th–∞t differs from others."}, "file": {"name": "control.py", "path": "/opt/hostedtoolcache/Python/3.10.13/x64/lib/python3.10/site-packages/hcaptcha_challenger/agents/playwright/control.py"}, "function": "_parse_label", "level": {"icon": "üêû", "name": "DEBUG", "no": 10}, "line": 241, "message": "get task", "module": "control", "name": "hcaptcha_challenger.agents.playwright.control", "process": {"id": 3515, "name": "MainProcess"}, "thread": {"id": 140150600715136, "name": "MainThread"}, "time": {"repr": "2024-02-08 06:29:20.252107+08:00", "timestamp": 1707344960.252107}}}
{"text": "2024-02-08 06:29:25 | DEBUG    | epic_games.agent:insert_challenge:106 | task done - {'sattus': 'success'}\n", "record": {"elapsed": {"repr": "0:02:20.432845", "seconds": 140.432845}, "exception": null, "extra": {"sattus": "success"}, "file": {"name": "agent.py", "path": "/home/runner/work/Epic-game-Free/Epic-game-Free/epic/src/epic_games/agent.py"}, "function": "insert_challenge", "level": {"icon": "üêû", "name": "DEBUG", "no": 10}, "line": 106, "message": "task done", "module": "agent", "name": "epic_games.agent", "process": {"id": 3515, "name": "MainProcess"}, "thread": {"id": 140150600715136, "name": "MainThread"}, "time": {"repr": "2024-02-08 06:29:25.150096+08:00", "timestamp": 1707344965.150096}}}
{"text": "2024-02-08 06:29:57 | ERROR    | __main__:run:158 | An error has been caught in function 'run', process 'MainProcess' (3515), thread 'MainThread' (140150600715136): - {}\nTraceback (most recent call last):\n  File \"/home/runner/work/Epic-game-Free/Epic-game-Free/epic/src/claim.py\", line 151, in stash\n    await self.claim_epic_games(context)\n  File \"/home/runner/work/Epic-game-Free/Epic-game-Free/epic/src/claim.py\", line 122, in claim_epic_games\n    await epic.claim_weekly_games(page, single_promotions)\n  File \"/opt/hostedtoolcache/Python/3.10.13/x64/lib/python3.10/site-packages/tenacity/_asyncio.py\", line 88, in async_wrapped\n    return await fn(*args, **kwargs)\n  File \"/opt/hostedtoolcache/Python/3.10.13/x64/lib/python3.10/site-packages/tenacity/_asyncio.py\", line 47, in __call__\n    do = self.iter(retry_state=retry_state)\n  File \"/opt/hostedtoolcache/Python/3.10.13/x64/lib/python3.10/site-packages/tenacity/__init__.py\", line 325, in iter\n    raise retry_exc.reraise()\n  File \"/opt/hostedtoolcache/Python/3.10.13/x64/lib/python3.10/site-packages/tenacity/__init__.py\", line 158, in reraise\n    raise self.last_attempt.result()\n  File \"/opt/hostedtoolcache/Python/3.10.13/x64/lib/python3.10/concurrent/futures/_base.py\", line 451, in result\n    return self.__get_result()\n  File \"/opt/hostedtoolcache/Python/3.10.13/x64/lib/python3.10/concurrent/futures/_base.py\", line 403, in __get_result\n    raise self._exception\n  File \"/opt/hostedtoolcache/Python/3.10.13/x64/lib/python3.10/site-packages/tenacity/_asyncio.py\", line 50, in __call__\n    result = await fn(*args, **kwargs)\n  File \"/home/runner/work/Epic-game-Free/Epic-game-Free/epic/src/epic_games/agent.py\", line 338, in claim_weekly_games\n    await page.wait_for_url(recur_url)\n  File \"/opt/hostedtoolcache/Python/3.10.13/x64/lib/python3.10/site-packages/playwright/async_api/_generated.py\", line 9432, in wait_for_url\n    await self._impl_obj.wait_for_url(\n  File \"/opt/hostedtoolcache/Python/3.10.13/x64/lib/python3.10/site-packages/playwright/_impl/_page.py\", line 508, in wait_for_url\n    return await self._main_frame.wait_for_url(**locals_to_params(locals()))\n  File \"/opt/hostedtoolcache/Python/3.10.13/x64/lib/python3.10/site-packages/playwright/_impl/_frame.py\", line 237, in wait_for_url\n    async with self.expect_navigation(\n  File \"/opt/hostedtoolcache/Python/3.10.13/x64/lib/python3.10/site-packages/playwright/_impl/_event_context_manager.py\", line 33, in __aexit__\n    await self._future\n  File \"/opt/hostedtoolcache/Python/3.10.13/x64/lib/python3.10/site-packages/playwright/_impl/_frame.py\", line 212, in continuation\n    event = await waiter.result()\nplaywright._impl._errors.TimeoutError: Timeout 30000ms exceeded.\n=========================== logs ===========================\nwaiting for navigation to \"https://store.epicgames.com/en-US/cart/success\" until 'load'\n============================================================\n\nDuring handling of the above exception, another exception occurred:\n\nTraceback (most recent call last):\n  File \"/home/runner/work/Epic-game-Free/Epic-game-Free/epic/src/claim.py\", line 162, in <module>\n    asyncio.run(run())\n  File \"/opt/hostedtoolcache/Python/3.10.13/x64/lib/python3.10/asyncio/runners.py\", line 44, in run\n    return loop.run_until_complete(main)\n  File \"/opt/hostedtoolcache/Python/3.10.13/x64/lib/python3.10/asyncio/base_events.py\", line 636, in run_until_complete\n    self.run_forever()\n  File \"/opt/hostedtoolcache/Python/3.10.13/x64/lib/python3.10/asyncio/base_events.py\", line 603, in run_forever\n    self._run_once()\n  File \"/opt/hostedtoolcache/Python/3.10.13/x64/lib/python3.10/asyncio/base_events.py\", line 1909, in _run_once\n    handle._run()\n  File \"/opt/hostedtoolcache/Python/3.10.13/x64/lib/python3.10/asyncio/events.py\", line 80, in _run\n    self._context.run(self._callback, *self._args)\n> File \"/home/runner/work/Epic-game-Free/Epic-game-Free/epic/src/claim.py\", line 158, in run\n    await agent.stash()\n  File \"/home/runner/work/Epic-game-Free/Epic-game-Free/epic/src/claim.py\", line 139, in stash\n    async with async_playwright() as p:\n  File \"/opt/hostedtoolcache/Python/3.10.13/x64/lib/python3.10/site-packages/playwright/async_api/_context_manager.py\", line 58, in __aexit__\n    await self._connection.stop_async()\n  File \"/opt/hostedtoolcache/Python/3.10.13/x64/lib/python3.10/site-packages/playwright/_impl/_connection.py\", line 289, in stop_async\n    self.cleanup()\n  File \"/opt/hostedtoolcache/Python/3.10.13/x64/lib/python3.10/site-packages/playwright/_impl/_connection.py\", line 300, in cleanup\n    callback.future.set_exception(self._closed_error)\nasyncio.exceptions.InvalidStateError: invalid state\n", "record": {"elapsed": {"repr": "0:02:52.320870", "seconds": 172.32087}, "exception": {"type": "InvalidStateError", "value": "invalid state", "traceback": true}, "extra": {}, "file": {"name": "claim.py", "path": "/home/runner/work/Epic-game-Free/Epic-game-Free/epic/src/claim.py"}, "function": "run", "level": {"icon": "‚ùå", "name": "ERROR", "no": 40}, "line": 158, "message": "An error has been caught in function 'run', process 'MainProcess' (3515), thread 'MainThread' (140150600715136):", "module": "claim", "name": "__main__", "process": {"id": 3515, "name": "MainProcess"}, "thread": {"id": 140150600715136, "name": "MainThread"}, "time": {"repr": "2024-02-08 06:29:57.038121+08:00", "timestamp": 1707344997.038121}}}
