{"text": "2024-01-24 06:30:04 | INFO    | __main__:stash:131 | run - {'image': '20231121', 'version': '0.10.1.post2', 'role': 'EpicPlayer', 'headless': True}\n", "record": {"elapsed": {"repr": "0:00:01.092021", "seconds": 1.092021}, "exception": null, "extra": {"image": "20231121", "version": "0.10.1.post2", "role": "EpicPlayer", "headless": true}, "file": {"name": "claim.py", "path": "/home/runner/work/Epic-game-Free/Epic-game-Free/epic/src/claim.py"}, "function": "stash", "level": {"icon": "‚ÑπÔ∏è", "name": "INFO", "no": 20}, "line": 131, "message": "run", "module": "claim", "name": "__main__", "process": {"id": 3575, "name": "MainProcess"}, "thread": {"id": 139929935788928, "name": "MainThread"}, "time": {"repr": "2024-01-24 06:30:04.975052+08:00", "timestamp": 1706049004.975052}}}
{"text": "2024-01-24 06:30:11 | WARNING    | epic_games.agent:get_order_history:467 | Failed to get order history, cookie may have expired - {}\n", "record": {"elapsed": {"repr": "0:00:07.907014", "seconds": 7.907014}, "exception": null, "extra": {}, "file": {"name": "agent.py", "path": "/home/runner/work/Epic-game-Free/Epic-game-Free/epic/src/epic_games/agent.py"}, "function": "get_order_history", "level": {"icon": "‚ö†Ô∏è", "name": "WARNING", "no": 30}, "line": 467, "message": "Failed to get order history, cookie may have expired", "module": "agent", "name": "epic_games.agent", "process": {"id": 3575, "name": "MainProcess"}, "thread": {"id": 139929935788928, "name": "MainThread"}, "time": {"repr": "2024-01-24 06:30:11.790045+08:00", "timestamp": 1706049011.790045}}}
{"text": "2024-01-24 06:30:11 | DEBUG    | __main__:create_tasks:66 | Put task - {'title': 'LOVE', 'url': 'https://store.epicgames.com/en-US/p/love-65c4d0'}\n", "record": {"elapsed": {"repr": "0:00:08.012499", "seconds": 8.012499}, "exception": null, "extra": {"title": "LOVE", "url": "https://store.epicgames.com/en-US/p/love-65c4d0"}, "file": {"name": "claim.py", "path": "/home/runner/work/Epic-game-Free/Epic-game-Free/epic/src/claim.py"}, "function": "create_tasks", "level": {"icon": "üêû", "name": "DEBUG", "no": 10}, "line": 66, "message": "Put task", "module": "claim", "name": "__main__", "process": {"id": 3575, "name": "MainProcess"}, "thread": {"id": 139929935788928, "name": "MainThread"}, "time": {"repr": "2024-01-24 06:30:11.895530+08:00", "timestamp": 1706049011.89553}}}
{"text": "2024-01-24 06:30:16 | INFO    | epic_games.agent:claim_weekly_games:294 | claim_weekly_games - {'action': 'go to store', 'url': 'https://store.epicgames.com/en-US/p/love-65c4d0'}\n", "record": {"elapsed": {"repr": "0:00:12.384708", "seconds": 12.384708}, "exception": null, "extra": {"action": "go to store", "url": "https://store.epicgames.com/en-US/p/love-65c4d0"}, "file": {"name": "agent.py", "path": "/home/runner/work/Epic-game-Free/Epic-game-Free/epic/src/epic_games/agent.py"}, "function": "claim_weekly_games", "level": {"icon": "‚ÑπÔ∏è", "name": "INFO", "no": 20}, "line": 294, "message": "claim_weekly_games", "module": "agent", "name": "epic_games.agent", "process": {"id": 3575, "name": "MainProcess"}, "thread": {"id": 139929935788928, "name": "MainThread"}, "time": {"repr": "2024-01-24 06:30:16.267739+08:00", "timestamp": 1706049016.267739}}}
{"text": "2024-01-24 06:30:26 | INFO    | epic_games.agent:claim_weekly_games:326 | claim_weekly_games - {'action': 'move to webPurchaseContainer iframe'}\n", "record": {"elapsed": {"repr": "0:00:22.154167", "seconds": 22.154167}, "exception": null, "extra": {"action": "move to webPurchaseContainer iframe"}, "file": {"name": "agent.py", "path": "/home/runner/work/Epic-game-Free/Epic-game-Free/epic/src/epic_games/agent.py"}, "function": "claim_weekly_games", "level": {"icon": "‚ÑπÔ∏è", "name": "INFO", "no": 20}, "line": 326, "message": "claim_weekly_games", "module": "agent", "name": "epic_games.agent", "process": {"id": 3575, "name": "MainProcess"}, "thread": {"id": 139929935788928, "name": "MainThread"}, "time": {"repr": "2024-01-24 06:30:26.037198+08:00", "timestamp": 1706049026.037198}}}
{"text": "2024-01-24 06:30:28 | INFO    | epic_games.agent:claim_weekly_games:328 | claim_weekly_games - {'action': 'click payment button'}\n", "record": {"elapsed": {"repr": "0:00:24.606252", "seconds": 24.606252}, "exception": null, "extra": {"action": "click payment button"}, "file": {"name": "agent.py", "path": "/home/runner/work/Epic-game-Free/Epic-game-Free/epic/src/epic_games/agent.py"}, "function": "claim_weekly_games", "level": {"icon": "‚ÑπÔ∏è", "name": "INFO", "no": 20}, "line": 328, "message": "claim_weekly_games", "module": "agent", "name": "epic_games.agent", "process": {"id": 3575, "name": "MainProcess"}, "thread": {"id": 139929935788928, "name": "MainThread"}, "time": {"repr": "2024-01-24 06:30:28.489283+08:00", "timestamp": 1706049028.489283}}}
{"text": "2024-01-24 06:30:33 | DEBUG    | hcaptcha_challenger.agents.playwright.control:_parse_label:241 | get task - {'prompt': 'Please click each image containing an electrŒønic device'}\n", "record": {"elapsed": {"repr": "0:00:29.608410", "seconds": 29.60841}, "exception": null, "extra": {"prompt": "Please click each image containing an electrŒønic device"}, "file": {"name": "control.py", "path": "/opt/hostedtoolcache/Python/3.10.13/x64/lib/python3.10/site-packages/hcaptcha_challenger/agents/playwright/control.py"}, "function": "_parse_label", "level": {"icon": "üêû", "name": "DEBUG", "no": 10}, "line": 241, "message": "get task", "module": "control", "name": "hcaptcha_challenger.agents.playwright.control", "process": {"id": 3575, "name": "MainProcess"}, "thread": {"id": 139929935788928, "name": "MainThread"}, "time": {"repr": "2024-01-24 06:30:33.491441+08:00", "timestamp": 1706049033.491441}}}
{"text": "2024-01-24 06:30:35 | DEBUG    | hcaptcha_challenger.agents.playwright.control:_catch_all_binary_challenge:474 | handle task - {'unsupervised': 'binary', 'candidate_labels': ['This is a picture that looks like electronic device.', \"This is a picture that don't look like electronic device.\"], 'prompt': 'Please click each image containing an electrŒønic device', 'timit': '0.981s'}\n", "record": {"elapsed": {"repr": "0:00:32.097489", "seconds": 32.097489}, "exception": null, "extra": {"unsupervised": "binary", "candidate_labels": ["This is a picture that looks like electronic device.", "This is a picture that don't look like electronic device."], "prompt": "Please click each image containing an electrŒønic device", "timit": "0.981s"}, "file": {"name": "control.py", "path": "/opt/hostedtoolcache/Python/3.10.13/x64/lib/python3.10/site-packages/hcaptcha_challenger/agents/playwright/control.py"}, "function": "_catch_all_binary_challenge", "level": {"icon": "üêû", "name": "DEBUG", "no": 10}, "line": 474, "message": "handle task", "module": "control", "name": "hcaptcha_challenger.agents.playwright.control", "process": {"id": 3575, "name": "MainProcess"}, "thread": {"id": 139929935788928, "name": "MainThread"}, "time": {"repr": "2024-01-24 06:30:35.980520+08:00", "timestamp": 1706049035.98052}}}
{"text": "2024-01-24 06:30:43 | DEBUG    | epic_games.agent:insert_challenge:106 | task done - {'sattus': 'success'}\n", "record": {"elapsed": {"repr": "0:00:39.921569", "seconds": 39.921569}, "exception": null, "extra": {"sattus": "success"}, "file": {"name": "agent.py", "path": "/home/runner/work/Epic-game-Free/Epic-game-Free/epic/src/epic_games/agent.py"}, "function": "insert_challenge", "level": {"icon": "üêû", "name": "DEBUG", "no": 10}, "line": 106, "message": "task done", "module": "agent", "name": "epic_games.agent", "process": {"id": 3575, "name": "MainProcess"}, "thread": {"id": 139929935788928, "name": "MainThread"}, "time": {"repr": "2024-01-24 06:30:43.804600+08:00", "timestamp": 1706049043.8046}}}
{"text": "2024-01-24 06:31:15 | INFO    | epic_games.agent:claim_weekly_games:294 | claim_weekly_games - {'action': 'go to store', 'url': 'https://store.epicgames.com/en-US/p/love-65c4d0'}\n", "record": {"elapsed": {"repr": "0:01:12.087782", "seconds": 72.087782}, "exception": null, "extra": {"action": "go to store", "url": "https://store.epicgames.com/en-US/p/love-65c4d0"}, "file": {"name": "agent.py", "path": "/home/runner/work/Epic-game-Free/Epic-game-Free/epic/src/epic_games/agent.py"}, "function": "claim_weekly_games", "level": {"icon": "‚ÑπÔ∏è", "name": "INFO", "no": 20}, "line": 294, "message": "claim_weekly_games", "module": "agent", "name": "epic_games.agent", "process": {"id": 3575, "name": "MainProcess"}, "thread": {"id": 139929935788928, "name": "MainThread"}, "time": {"repr": "2024-01-24 06:31:15.970813+08:00", "timestamp": 1706049075.970813}}}
{"text": "2024-01-24 06:31:25 | INFO    | epic_games.agent:claim_weekly_games:326 | claim_weekly_games - {'action': 'move to webPurchaseContainer iframe'}\n", "record": {"elapsed": {"repr": "0:01:21.125652", "seconds": 81.125652}, "exception": null, "extra": {"action": "move to webPurchaseContainer iframe"}, "file": {"name": "agent.py", "path": "/home/runner/work/Epic-game-Free/Epic-game-Free/epic/src/epic_games/agent.py"}, "function": "claim_weekly_games", "level": {"icon": "‚ÑπÔ∏è", "name": "INFO", "no": 20}, "line": 326, "message": "claim_weekly_games", "module": "agent", "name": "epic_games.agent", "process": {"id": 3575, "name": "MainProcess"}, "thread": {"id": 139929935788928, "name": "MainThread"}, "time": {"repr": "2024-01-24 06:31:25.008683+08:00", "timestamp": 1706049085.008683}}}
{"text": "2024-01-24 06:31:27 | INFO    | epic_games.agent:claim_weekly_games:328 | claim_weekly_games - {'action': 'click payment button'}\n", "record": {"elapsed": {"repr": "0:01:23.523181", "seconds": 83.523181}, "exception": null, "extra": {"action": "click payment button"}, "file": {"name": "agent.py", "path": "/home/runner/work/Epic-game-Free/Epic-game-Free/epic/src/epic_games/agent.py"}, "function": "claim_weekly_games", "level": {"icon": "‚ÑπÔ∏è", "name": "INFO", "no": 20}, "line": 328, "message": "claim_weekly_games", "module": "agent", "name": "epic_games.agent", "process": {"id": 3575, "name": "MainProcess"}, "thread": {"id": 139929935788928, "name": "MainThread"}, "time": {"repr": "2024-01-24 06:31:27.406212+08:00", "timestamp": 1706049087.406212}}}
{"text": "2024-01-24 06:31:32 | DEBUG    | hcaptcha_challenger.agents.playwright.control:_parse_label:241 | get task - {'prompt': 'Œ°lea—ïe click each image containing an electronic device'}\n", "record": {"elapsed": {"repr": "0:01:28.524941", "seconds": 88.524941}, "exception": null, "extra": {"prompt": "Œ°lea—ïe click each image containing an electronic device"}, "file": {"name": "control.py", "path": "/opt/hostedtoolcache/Python/3.10.13/x64/lib/python3.10/site-packages/hcaptcha_challenger/agents/playwright/control.py"}, "function": "_parse_label", "level": {"icon": "üêû", "name": "DEBUG", "no": 10}, "line": 241, "message": "get task", "module": "control", "name": "hcaptcha_challenger.agents.playwright.control", "process": {"id": 3575, "name": "MainProcess"}, "thread": {"id": 139929935788928, "name": "MainThread"}, "time": {"repr": "2024-01-24 06:31:32.407972+08:00", "timestamp": 1706049092.407972}}}
{"text": "2024-01-24 06:31:33 | DEBUG    | hcaptcha_challenger.agents.playwright.control:_catch_all_binary_challenge:474 | handle task - {'unsupervised': 'binary', 'candidate_labels': ['This is a picture that looks like electronic device.', \"This is a picture that don't look like electronic device.\"], 'prompt': 'Œ°lea—ïe click each image containing an electronic device', 'timit': '0.747s'}\n", "record": {"elapsed": {"repr": "0:01:29.416072", "seconds": 89.416072}, "exception": null, "extra": {"unsupervised": "binary", "candidate_labels": ["This is a picture that looks like electronic device.", "This is a picture that don't look like electronic device."], "prompt": "Œ°lea—ïe click each image containing an electronic device", "timit": "0.747s"}, "file": {"name": "control.py", "path": "/opt/hostedtoolcache/Python/3.10.13/x64/lib/python3.10/site-packages/hcaptcha_challenger/agents/playwright/control.py"}, "function": "_catch_all_binary_challenge", "level": {"icon": "üêû", "name": "DEBUG", "no": 10}, "line": 474, "message": "handle task", "module": "control", "name": "hcaptcha_challenger.agents.playwright.control", "process": {"id": 3575, "name": "MainProcess"}, "thread": {"id": 139929935788928, "name": "MainThread"}, "time": {"repr": "2024-01-24 06:31:33.299103+08:00", "timestamp": 1706049093.299103}}}
{"text": "2024-01-24 06:31:42 | DEBUG    | epic_games.agent:insert_challenge:106 | task done - {'sattus': 'success'}\n", "record": {"elapsed": {"repr": "0:01:38.157351", "seconds": 98.157351}, "exception": null, "extra": {"sattus": "success"}, "file": {"name": "agent.py", "path": "/home/runner/work/Epic-game-Free/Epic-game-Free/epic/src/epic_games/agent.py"}, "function": "insert_challenge", "level": {"icon": "üêû", "name": "DEBUG", "no": 10}, "line": 106, "message": "task done", "module": "agent", "name": "epic_games.agent", "process": {"id": 3575, "name": "MainProcess"}, "thread": {"id": 139929935788928, "name": "MainThread"}, "time": {"repr": "2024-01-24 06:31:42.040382+08:00", "timestamp": 1706049102.040382}}}
{"text": "2024-01-24 06:32:14 | INFO    | epic_games.agent:claim_weekly_games:294 | claim_weekly_games - {'action': 'go to store', 'url': 'https://store.epicgames.com/en-US/p/love-65c4d0'}\n", "record": {"elapsed": {"repr": "0:02:10.308262", "seconds": 130.308262}, "exception": null, "extra": {"action": "go to store", "url": "https://store.epicgames.com/en-US/p/love-65c4d0"}, "file": {"name": "agent.py", "path": "/home/runner/work/Epic-game-Free/Epic-game-Free/epic/src/epic_games/agent.py"}, "function": "claim_weekly_games", "level": {"icon": "‚ÑπÔ∏è", "name": "INFO", "no": 20}, "line": 294, "message": "claim_weekly_games", "module": "agent", "name": "epic_games.agent", "process": {"id": 3575, "name": "MainProcess"}, "thread": {"id": 139929935788928, "name": "MainThread"}, "time": {"repr": "2024-01-24 06:32:14.191293+08:00", "timestamp": 1706049134.191293}}}
{"text": "2024-01-24 06:32:22 | INFO    | epic_games.agent:claim_weekly_games:326 | claim_weekly_games - {'action': 'move to webPurchaseContainer iframe'}\n", "record": {"elapsed": {"repr": "0:02:18.880692", "seconds": 138.880692}, "exception": null, "extra": {"action": "move to webPurchaseContainer iframe"}, "file": {"name": "agent.py", "path": "/home/runner/work/Epic-game-Free/Epic-game-Free/epic/src/epic_games/agent.py"}, "function": "claim_weekly_games", "level": {"icon": "‚ÑπÔ∏è", "name": "INFO", "no": 20}, "line": 326, "message": "claim_weekly_games", "module": "agent", "name": "epic_games.agent", "process": {"id": 3575, "name": "MainProcess"}, "thread": {"id": 139929935788928, "name": "MainThread"}, "time": {"repr": "2024-01-24 06:32:22.763723+08:00", "timestamp": 1706049142.763723}}}
{"text": "2024-01-24 06:32:25 | INFO    | epic_games.agent:claim_weekly_games:328 | claim_weekly_games - {'action': 'click payment button'}\n", "record": {"elapsed": {"repr": "0:02:21.271436", "seconds": 141.271436}, "exception": null, "extra": {"action": "click payment button"}, "file": {"name": "agent.py", "path": "/home/runner/work/Epic-game-Free/Epic-game-Free/epic/src/epic_games/agent.py"}, "function": "claim_weekly_games", "level": {"icon": "‚ÑπÔ∏è", "name": "INFO", "no": 20}, "line": 328, "message": "claim_weekly_games", "module": "agent", "name": "epic_games.agent", "process": {"id": 3575, "name": "MainProcess"}, "thread": {"id": 139929935788928, "name": "MainThread"}, "time": {"repr": "2024-01-24 06:32:25.154467+08:00", "timestamp": 1706049145.154467}}}
{"text": "2024-01-24 06:32:30 | DEBUG    | hcaptcha_challenger.agents.playwright.control:_parse_label:241 | get task - {'prompt': 'Please click each image containing an electronic device'}\n", "record": {"elapsed": {"repr": "0:02:26.273246", "seconds": 146.273246}, "exception": null, "extra": {"prompt": "Please click each image containing an electronic device"}, "file": {"name": "control.py", "path": "/opt/hostedtoolcache/Python/3.10.13/x64/lib/python3.10/site-packages/hcaptcha_challenger/agents/playwright/control.py"}, "function": "_parse_label", "level": {"icon": "üêû", "name": "DEBUG", "no": 10}, "line": 241, "message": "get task", "module": "control", "name": "hcaptcha_challenger.agents.playwright.control", "process": {"id": 3575, "name": "MainProcess"}, "thread": {"id": 139929935788928, "name": "MainThread"}, "time": {"repr": "2024-01-24 06:32:30.156277+08:00", "timestamp": 1706049150.156277}}}
{"text": "2024-01-24 06:32:30 | DEBUG    | hcaptcha_challenger.agents.playwright.control:_rank_models:259 | handle task - {'rank_model': 'nested_electronic_device_mouse2309.onnx', 'prompt': 'Please click each image containing an electronic device'}\n", "record": {"elapsed": {"repr": "0:02:26.413316", "seconds": 146.413316}, "exception": null, "extra": {"rank_model": "nested_electronic_device_mouse2309.onnx", "prompt": "Please click each image containing an electronic device"}, "file": {"name": "control.py", "path": "/opt/hostedtoolcache/Python/3.10.13/x64/lib/python3.10/site-packages/hcaptcha_challenger/agents/playwright/control.py"}, "function": "_rank_models", "level": {"icon": "üêû", "name": "DEBUG", "no": 10}, "line": 259, "message": "handle task", "module": "control", "name": "hcaptcha_challenger.agents.playwright.control", "process": {"id": 3575, "name": "MainProcess"}, "thread": {"id": 139929935788928, "name": "MainThread"}, "time": {"repr": "2024-01-24 06:32:30.296347+08:00", "timestamp": 1706049150.296347}}}
{"text": "2024-01-24 06:32:34 | DEBUG    | epic_games.agent:insert_challenge:106 | task done - {'sattus': 'success'}\n", "record": {"elapsed": {"repr": "0:02:30.715973", "seconds": 150.715973}, "exception": null, "extra": {"sattus": "success"}, "file": {"name": "agent.py", "path": "/home/runner/work/Epic-game-Free/Epic-game-Free/epic/src/epic_games/agent.py"}, "function": "insert_challenge", "level": {"icon": "üêû", "name": "DEBUG", "no": 10}, "line": 106, "message": "task done", "module": "agent", "name": "epic_games.agent", "process": {"id": 3575, "name": "MainProcess"}, "thread": {"id": 139929935788928, "name": "MainThread"}, "time": {"repr": "2024-01-24 06:32:34.599004+08:00", "timestamp": 1706049154.599004}}}
{"text": "2024-01-24 06:33:06 | ERROR    | __main__:run:158 | An error has been caught in function 'run', process 'MainProcess' (3575), thread 'MainThread' (139929935788928): - {}\nTraceback (most recent call last):\n  File \"/home/runner/work/Epic-game-Free/Epic-game-Free/epic/src/claim.py\", line 151, in stash\n    await self.claim_epic_games(context)\n  File \"/home/runner/work/Epic-game-Free/Epic-game-Free/epic/src/claim.py\", line 122, in claim_epic_games\n    await epic.claim_weekly_games(page, single_promotions)\n  File \"/opt/hostedtoolcache/Python/3.10.13/x64/lib/python3.10/site-packages/tenacity/_asyncio.py\", line 88, in async_wrapped\n    return await fn(*args, **kwargs)\n  File \"/opt/hostedtoolcache/Python/3.10.13/x64/lib/python3.10/site-packages/tenacity/_asyncio.py\", line 47, in __call__\n    do = self.iter(retry_state=retry_state)\n  File \"/opt/hostedtoolcache/Python/3.10.13/x64/lib/python3.10/site-packages/tenacity/__init__.py\", line 325, in iter\n    raise retry_exc.reraise()\n  File \"/opt/hostedtoolcache/Python/3.10.13/x64/lib/python3.10/site-packages/tenacity/__init__.py\", line 158, in reraise\n    raise self.last_attempt.result()\n  File \"/opt/hostedtoolcache/Python/3.10.13/x64/lib/python3.10/concurrent/futures/_base.py\", line 451, in result\n    return self.__get_result()\n  File \"/opt/hostedtoolcache/Python/3.10.13/x64/lib/python3.10/concurrent/futures/_base.py\", line 403, in __get_result\n    raise self._exception\n  File \"/opt/hostedtoolcache/Python/3.10.13/x64/lib/python3.10/site-packages/tenacity/_asyncio.py\", line 50, in __call__\n    result = await fn(*args, **kwargs)\n  File \"/home/runner/work/Epic-game-Free/Epic-game-Free/epic/src/epic_games/agent.py\", line 338, in claim_weekly_games\n    await page.wait_for_url(recur_url)\n  File \"/opt/hostedtoolcache/Python/3.10.13/x64/lib/python3.10/site-packages/playwright/async_api/_generated.py\", line 9432, in wait_for_url\n    await self._impl_obj.wait_for_url(\n  File \"/opt/hostedtoolcache/Python/3.10.13/x64/lib/python3.10/site-packages/playwright/_impl/_page.py\", line 508, in wait_for_url\n    return await self._main_frame.wait_for_url(**locals_to_params(locals()))\n  File \"/opt/hostedtoolcache/Python/3.10.13/x64/lib/python3.10/site-packages/playwright/_impl/_frame.py\", line 237, in wait_for_url\n    async with self.expect_navigation(\n  File \"/opt/hostedtoolcache/Python/3.10.13/x64/lib/python3.10/site-packages/playwright/_impl/_event_context_manager.py\", line 33, in __aexit__\n    await self._future\n  File \"/opt/hostedtoolcache/Python/3.10.13/x64/lib/python3.10/site-packages/playwright/_impl/_frame.py\", line 212, in continuation\n    event = await waiter.result()\nplaywright._impl._errors.TimeoutError: Timeout 30000ms exceeded.\n=========================== logs ===========================\nwaiting for navigation to \"https://store.epicgames.com/en-US/cart/success\" until 'load'\n============================================================\n\nDuring handling of the above exception, another exception occurred:\n\nTraceback (most recent call last):\n  File \"/home/runner/work/Epic-game-Free/Epic-game-Free/epic/src/claim.py\", line 162, in <module>\n    asyncio.run(run())\n  File \"/opt/hostedtoolcache/Python/3.10.13/x64/lib/python3.10/asyncio/runners.py\", line 44, in run\n    return loop.run_until_complete(main)\n  File \"/opt/hostedtoolcache/Python/3.10.13/x64/lib/python3.10/asyncio/base_events.py\", line 636, in run_until_complete\n    self.run_forever()\n  File \"/opt/hostedtoolcache/Python/3.10.13/x64/lib/python3.10/asyncio/base_events.py\", line 603, in run_forever\n    self._run_once()\n  File \"/opt/hostedtoolcache/Python/3.10.13/x64/lib/python3.10/asyncio/base_events.py\", line 1909, in _run_once\n    handle._run()\n  File \"/opt/hostedtoolcache/Python/3.10.13/x64/lib/python3.10/asyncio/events.py\", line 80, in _run\n    self._context.run(self._callback, *self._args)\n> File \"/home/runner/work/Epic-game-Free/Epic-game-Free/epic/src/claim.py\", line 158, in run\n    await agent.stash()\n  File \"/home/runner/work/Epic-game-Free/Epic-game-Free/epic/src/claim.py\", line 139, in stash\n    async with async_playwright() as p:\n  File \"/opt/hostedtoolcache/Python/3.10.13/x64/lib/python3.10/site-packages/playwright/async_api/_context_manager.py\", line 58, in __aexit__\n    await self._connection.stop_async()\n  File \"/opt/hostedtoolcache/Python/3.10.13/x64/lib/python3.10/site-packages/playwright/_impl/_connection.py\", line 289, in stop_async\n    self.cleanup()\n  File \"/opt/hostedtoolcache/Python/3.10.13/x64/lib/python3.10/site-packages/playwright/_impl/_connection.py\", line 300, in cleanup\n    callback.future.set_exception(self._closed_error)\nasyncio.exceptions.InvalidStateError: invalid state\n", "record": {"elapsed": {"repr": "0:03:02.591938", "seconds": 182.591938}, "exception": {"type": "InvalidStateError", "value": "invalid state", "traceback": true}, "extra": {}, "file": {"name": "claim.py", "path": "/home/runner/work/Epic-game-Free/Epic-game-Free/epic/src/claim.py"}, "function": "run", "level": {"icon": "‚ùå", "name": "ERROR", "no": 40}, "line": 158, "message": "An error has been caught in function 'run', process 'MainProcess' (3575), thread 'MainThread' (139929935788928):", "module": "claim", "name": "__main__", "process": {"id": 3575, "name": "MainProcess"}, "thread": {"id": 139929935788928, "name": "MainThread"}, "time": {"repr": "2024-01-24 06:33:06.474969+08:00", "timestamp": 1706049186.474969}}}
