{"text": "2024-02-04 06:27:58 | INFO    | __main__:stash:131 | run - {'image': '20231121', 'version': '0.10.1.post2', 'role': 'EpicPlayer', 'headless': True}\n", "record": {"elapsed": {"repr": "0:00:01.408221", "seconds": 1.408221}, "exception": null, "extra": {"image": "20231121", "version": "0.10.1.post2", "role": "EpicPlayer", "headless": true}, "file": {"name": "claim.py", "path": "/home/runner/work/Epic-game-Free/Epic-game-Free/epic/src/claim.py"}, "function": "stash", "level": {"icon": "‚ÑπÔ∏è", "name": "INFO", "no": 20}, "line": 131, "message": "run", "module": "claim", "name": "__main__", "process": {"id": 3503, "name": "MainProcess"}, "thread": {"id": 140217038891904, "name": "MainThread"}, "time": {"repr": "2024-02-04 06:27:58.235742+08:00", "timestamp": 1706999278.235742}}}
{"text": "2024-02-04 06:28:05 | WARNING    | epic_games.agent:get_order_history:467 | Failed to get order history, cookie may have expired - {}\n", "record": {"elapsed": {"repr": "0:00:08.840382", "seconds": 8.840382}, "exception": null, "extra": {}, "file": {"name": "agent.py", "path": "/home/runner/work/Epic-game-Free/Epic-game-Free/epic/src/epic_games/agent.py"}, "function": "get_order_history", "level": {"icon": "‚ö†Ô∏è", "name": "WARNING", "no": 30}, "line": 467, "message": "Failed to get order history, cookie may have expired", "module": "agent", "name": "epic_games.agent", "process": {"id": 3503, "name": "MainProcess"}, "thread": {"id": 140217038891904, "name": "MainThread"}, "time": {"repr": "2024-02-04 06:28:05.667903+08:00", "timestamp": 1706999285.667903}}}
{"text": "2024-02-04 06:28:05 | DEBUG    | __main__:create_tasks:66 | Put task - {'title': 'Doors - Paradox', 'url': 'https://store.epicgames.com/en-US/p/doors-paradox-5896c7'}\n", "record": {"elapsed": {"repr": "0:00:09.028544", "seconds": 9.028544}, "exception": null, "extra": {"title": "Doors - Paradox", "url": "https://store.epicgames.com/en-US/p/doors-paradox-5896c7"}, "file": {"name": "claim.py", "path": "/home/runner/work/Epic-game-Free/Epic-game-Free/epic/src/claim.py"}, "function": "create_tasks", "level": {"icon": "üêû", "name": "DEBUG", "no": 10}, "line": 66, "message": "Put task", "module": "claim", "name": "__main__", "process": {"id": 3503, "name": "MainProcess"}, "thread": {"id": 140217038891904, "name": "MainThread"}, "time": {"repr": "2024-02-04 06:28:05.856065+08:00", "timestamp": 1706999285.856065}}}
{"text": "2024-02-04 06:28:11 | INFO    | epic_games.agent:claim_weekly_games:294 | claim_weekly_games - {'action': 'go to store', 'url': 'https://store.epicgames.com/en-US/p/doors-paradox-5896c7'}\n", "record": {"elapsed": {"repr": "0:00:14.346798", "seconds": 14.346798}, "exception": null, "extra": {"action": "go to store", "url": "https://store.epicgames.com/en-US/p/doors-paradox-5896c7"}, "file": {"name": "agent.py", "path": "/home/runner/work/Epic-game-Free/Epic-game-Free/epic/src/epic_games/agent.py"}, "function": "claim_weekly_games", "level": {"icon": "‚ÑπÔ∏è", "name": "INFO", "no": 20}, "line": 294, "message": "claim_weekly_games", "module": "agent", "name": "epic_games.agent", "process": {"id": 3503, "name": "MainProcess"}, "thread": {"id": 140217038891904, "name": "MainThread"}, "time": {"repr": "2024-02-04 06:28:11.174319+08:00", "timestamp": 1706999291.174319}}}
{"text": "2024-02-04 06:28:20 | INFO    | epic_games.agent:claim_weekly_games:326 | claim_weekly_games - {'action': 'move to webPurchaseContainer iframe'}\n", "record": {"elapsed": {"repr": "0:00:23.480137", "seconds": 23.480137}, "exception": null, "extra": {"action": "move to webPurchaseContainer iframe"}, "file": {"name": "agent.py", "path": "/home/runner/work/Epic-game-Free/Epic-game-Free/epic/src/epic_games/agent.py"}, "function": "claim_weekly_games", "level": {"icon": "‚ÑπÔ∏è", "name": "INFO", "no": 20}, "line": 326, "message": "claim_weekly_games", "module": "agent", "name": "epic_games.agent", "process": {"id": 3503, "name": "MainProcess"}, "thread": {"id": 140217038891904, "name": "MainThread"}, "time": {"repr": "2024-02-04 06:28:20.307658+08:00", "timestamp": 1706999300.307658}}}
{"text": "2024-02-04 06:28:22 | INFO    | epic_games.agent:claim_weekly_games:328 | claim_weekly_games - {'action': 'click payment button'}\n", "record": {"elapsed": {"repr": "0:00:25.867321", "seconds": 25.867321}, "exception": null, "extra": {"action": "click payment button"}, "file": {"name": "agent.py", "path": "/home/runner/work/Epic-game-Free/Epic-game-Free/epic/src/epic_games/agent.py"}, "function": "claim_weekly_games", "level": {"icon": "‚ÑπÔ∏è", "name": "INFO", "no": 20}, "line": 328, "message": "claim_weekly_games", "module": "agent", "name": "epic_games.agent", "process": {"id": 3503, "name": "MainProcess"}, "thread": {"id": 140217038891904, "name": "MainThread"}, "time": {"repr": "2024-02-04 06:28:22.694842+08:00", "timestamp": 1706999302.694842}}}
{"text": "2024-02-04 06:28:57 | ERROR    | hcaptcha_challenger.agents.playwright.control:execute:615 | task interrupt <backcall> - {'reason': 'Failed to obtain challenge task'}\n", "record": {"elapsed": {"repr": "0:01:00.413782", "seconds": 60.413782}, "exception": null, "extra": {"reason": "Failed to obtain challenge task"}, "file": {"name": "control.py", "path": "/opt/hostedtoolcache/Python/3.10.13/x64/lib/python3.10/site-packages/hcaptcha_challenger/agents/playwright/control.py"}, "function": "execute", "level": {"icon": "‚ùå", "name": "ERROR", "no": 40}, "line": 615, "message": "task interrupt <backcall>", "module": "control", "name": "hcaptcha_challenger.agents.playwright.control", "process": {"id": 3503, "name": "MainProcess"}, "thread": {"id": 140217038891904, "name": "MainThread"}, "time": {"repr": "2024-02-04 06:28:57.241303+08:00", "timestamp": 1706999337.241303}}}
{"text": "2024-02-04 06:28:57 | DEBUG    | epic_games.agent:insert_challenge:106 | task done - {'sattus': 'success'}\n", "record": {"elapsed": {"repr": "0:01:00.414655", "seconds": 60.414655}, "exception": null, "extra": {"sattus": "success"}, "file": {"name": "agent.py", "path": "/home/runner/work/Epic-game-Free/Epic-game-Free/epic/src/epic_games/agent.py"}, "function": "insert_challenge", "level": {"icon": "üêû", "name": "DEBUG", "no": 10}, "line": 106, "message": "task done", "module": "agent", "name": "epic_games.agent", "process": {"id": 3503, "name": "MainProcess"}, "thread": {"id": 140217038891904, "name": "MainThread"}, "time": {"repr": "2024-02-04 06:28:57.242176+08:00", "timestamp": 1706999337.242176}}}
{"text": "2024-02-04 06:29:29 | INFO    | epic_games.agent:claim_weekly_games:294 | claim_weekly_games - {'action': 'go to store', 'url': 'https://store.epicgames.com/en-US/p/doors-paradox-5896c7'}\n", "record": {"elapsed": {"repr": "0:01:32.670144", "seconds": 92.670144}, "exception": null, "extra": {"action": "go to store", "url": "https://store.epicgames.com/en-US/p/doors-paradox-5896c7"}, "file": {"name": "agent.py", "path": "/home/runner/work/Epic-game-Free/Epic-game-Free/epic/src/epic_games/agent.py"}, "function": "claim_weekly_games", "level": {"icon": "‚ÑπÔ∏è", "name": "INFO", "no": 20}, "line": 294, "message": "claim_weekly_games", "module": "agent", "name": "epic_games.agent", "process": {"id": 3503, "name": "MainProcess"}, "thread": {"id": 140217038891904, "name": "MainThread"}, "time": {"repr": "2024-02-04 06:29:29.497665+08:00", "timestamp": 1706999369.497665}}}
{"text": "2024-02-04 06:29:38 | INFO    | epic_games.agent:claim_weekly_games:326 | claim_weekly_games - {'action': 'move to webPurchaseContainer iframe'}\n", "record": {"elapsed": {"repr": "0:01:41.518749", "seconds": 101.518749}, "exception": null, "extra": {"action": "move to webPurchaseContainer iframe"}, "file": {"name": "agent.py", "path": "/home/runner/work/Epic-game-Free/Epic-game-Free/epic/src/epic_games/agent.py"}, "function": "claim_weekly_games", "level": {"icon": "‚ÑπÔ∏è", "name": "INFO", "no": 20}, "line": 326, "message": "claim_weekly_games", "module": "agent", "name": "epic_games.agent", "process": {"id": 3503, "name": "MainProcess"}, "thread": {"id": 140217038891904, "name": "MainThread"}, "time": {"repr": "2024-02-04 06:29:38.346270+08:00", "timestamp": 1706999378.34627}}}
{"text": "2024-02-04 06:29:40 | INFO    | epic_games.agent:claim_weekly_games:328 | claim_weekly_games - {'action': 'click payment button'}\n", "record": {"elapsed": {"repr": "0:01:43.894780", "seconds": 103.89478}, "exception": null, "extra": {"action": "click payment button"}, "file": {"name": "agent.py", "path": "/home/runner/work/Epic-game-Free/Epic-game-Free/epic/src/epic_games/agent.py"}, "function": "claim_weekly_games", "level": {"icon": "‚ÑπÔ∏è", "name": "INFO", "no": 20}, "line": 328, "message": "claim_weekly_games", "module": "agent", "name": "epic_games.agent", "process": {"id": 3503, "name": "MainProcess"}, "thread": {"id": 140217038891904, "name": "MainThread"}, "time": {"repr": "2024-02-04 06:29:40.722301+08:00", "timestamp": 1706999380.722301}}}
{"text": "2024-02-04 06:29:45 | DEBUG    | hcaptcha_challenger.agents.playwright.control:_parse_label:241 | get task - {'prompt': 'Please click on the object that ‘Åiffers from others.'}\n", "record": {"elapsed": {"repr": "0:01:48.897235", "seconds": 108.897235}, "exception": null, "extra": {"prompt": "Please click on the object that ‘Åiffers from others."}, "file": {"name": "control.py", "path": "/opt/hostedtoolcache/Python/3.10.13/x64/lib/python3.10/site-packages/hcaptcha_challenger/agents/playwright/control.py"}, "function": "_parse_label", "level": {"icon": "üêû", "name": "DEBUG", "no": 10}, "line": 241, "message": "get task", "module": "control", "name": "hcaptcha_challenger.agents.playwright.control", "process": {"id": 3503, "name": "MainProcess"}, "thread": {"id": 140217038891904, "name": "MainThread"}, "time": {"repr": "2024-02-04 06:29:45.724756+08:00", "timestamp": 1706999385.724756}}}
{"text": "2024-02-04 06:29:50 | DEBUG    | epic_games.agent:insert_challenge:106 | task done - {'sattus': 'success'}\n", "record": {"elapsed": {"repr": "0:01:53.877120", "seconds": 113.87712}, "exception": null, "extra": {"sattus": "success"}, "file": {"name": "agent.py", "path": "/home/runner/work/Epic-game-Free/Epic-game-Free/epic/src/epic_games/agent.py"}, "function": "insert_challenge", "level": {"icon": "üêû", "name": "DEBUG", "no": 10}, "line": 106, "message": "task done", "module": "agent", "name": "epic_games.agent", "process": {"id": 3503, "name": "MainProcess"}, "thread": {"id": 140217038891904, "name": "MainThread"}, "time": {"repr": "2024-02-04 06:29:50.704641+08:00", "timestamp": 1706999390.704641}}}
{"text": "2024-02-04 06:30:22 | INFO    | epic_games.agent:claim_weekly_games:294 | claim_weekly_games - {'action': 'go to store', 'url': 'https://store.epicgames.com/en-US/p/doors-paradox-5896c7'}\n", "record": {"elapsed": {"repr": "0:02:26.063267", "seconds": 146.063267}, "exception": null, "extra": {"action": "go to store", "url": "https://store.epicgames.com/en-US/p/doors-paradox-5896c7"}, "file": {"name": "agent.py", "path": "/home/runner/work/Epic-game-Free/Epic-game-Free/epic/src/epic_games/agent.py"}, "function": "claim_weekly_games", "level": {"icon": "‚ÑπÔ∏è", "name": "INFO", "no": 20}, "line": 294, "message": "claim_weekly_games", "module": "agent", "name": "epic_games.agent", "process": {"id": 3503, "name": "MainProcess"}, "thread": {"id": 140217038891904, "name": "MainThread"}, "time": {"repr": "2024-02-04 06:30:22.890788+08:00", "timestamp": 1706999422.890788}}}
{"text": "2024-02-04 06:30:31 | INFO    | epic_games.agent:claim_weekly_games:326 | claim_weekly_games - {'action': 'move to webPurchaseContainer iframe'}\n", "record": {"elapsed": {"repr": "0:02:34.725666", "seconds": 154.725666}, "exception": null, "extra": {"action": "move to webPurchaseContainer iframe"}, "file": {"name": "agent.py", "path": "/home/runner/work/Epic-game-Free/Epic-game-Free/epic/src/epic_games/agent.py"}, "function": "claim_weekly_games", "level": {"icon": "‚ÑπÔ∏è", "name": "INFO", "no": 20}, "line": 326, "message": "claim_weekly_games", "module": "agent", "name": "epic_games.agent", "process": {"id": 3503, "name": "MainProcess"}, "thread": {"id": 140217038891904, "name": "MainThread"}, "time": {"repr": "2024-02-04 06:30:31.553187+08:00", "timestamp": 1706999431.553187}}}
{"text": "2024-02-04 06:30:34 | INFO    | epic_games.agent:claim_weekly_games:328 | claim_weekly_games - {'action': 'click payment button'}\n", "record": {"elapsed": {"repr": "0:02:37.252174", "seconds": 157.252174}, "exception": null, "extra": {"action": "click payment button"}, "file": {"name": "agent.py", "path": "/home/runner/work/Epic-game-Free/Epic-game-Free/epic/src/epic_games/agent.py"}, "function": "claim_weekly_games", "level": {"icon": "‚ÑπÔ∏è", "name": "INFO", "no": 20}, "line": 328, "message": "claim_weekly_games", "module": "agent", "name": "epic_games.agent", "process": {"id": 3503, "name": "MainProcess"}, "thread": {"id": 140217038891904, "name": "MainThread"}, "time": {"repr": "2024-02-04 06:30:34.079695+08:00", "timestamp": 1706999434.079695}}}
{"text": "2024-02-04 06:30:39 | DEBUG    | hcaptcha_challenger.agents.playwright.control:_parse_label:241 | get task - {'prompt': 'Please cl—ñck on the object that differs from others.'}\n", "record": {"elapsed": {"repr": "0:02:42.255496", "seconds": 162.255496}, "exception": null, "extra": {"prompt": "Please cl—ñck on the object that differs from others."}, "file": {"name": "control.py", "path": "/opt/hostedtoolcache/Python/3.10.13/x64/lib/python3.10/site-packages/hcaptcha_challenger/agents/playwright/control.py"}, "function": "_parse_label", "level": {"icon": "üêû", "name": "DEBUG", "no": 10}, "line": 241, "message": "get task", "module": "control", "name": "hcaptcha_challenger.agents.playwright.control", "process": {"id": 3503, "name": "MainProcess"}, "thread": {"id": 140217038891904, "name": "MainThread"}, "time": {"repr": "2024-02-04 06:30:39.083017+08:00", "timestamp": 1706999439.083017}}}
{"text": "2024-02-04 06:30:43 | DEBUG    | epic_games.agent:insert_challenge:106 | task done - {'sattus': 'success'}\n", "record": {"elapsed": {"repr": "0:02:47.151984", "seconds": 167.151984}, "exception": null, "extra": {"sattus": "success"}, "file": {"name": "agent.py", "path": "/home/runner/work/Epic-game-Free/Epic-game-Free/epic/src/epic_games/agent.py"}, "function": "insert_challenge", "level": {"icon": "üêû", "name": "DEBUG", "no": 10}, "line": 106, "message": "task done", "module": "agent", "name": "epic_games.agent", "process": {"id": 3503, "name": "MainProcess"}, "thread": {"id": 140217038891904, "name": "MainThread"}, "time": {"repr": "2024-02-04 06:30:43.979505+08:00", "timestamp": 1706999443.979505}}}
{"text": "2024-02-04 06:31:15 | ERROR    | __main__:run:158 | An error has been caught in function 'run', process 'MainProcess' (3503), thread 'MainThread' (140217038891904): - {}\nTraceback (most recent call last):\n  File \"/home/runner/work/Epic-game-Free/Epic-game-Free/epic/src/claim.py\", line 151, in stash\n    await self.claim_epic_games(context)\n  File \"/home/runner/work/Epic-game-Free/Epic-game-Free/epic/src/claim.py\", line 122, in claim_epic_games\n    await epic.claim_weekly_games(page, single_promotions)\n  File \"/opt/hostedtoolcache/Python/3.10.13/x64/lib/python3.10/site-packages/tenacity/_asyncio.py\", line 88, in async_wrapped\n    return await fn(*args, **kwargs)\n  File \"/opt/hostedtoolcache/Python/3.10.13/x64/lib/python3.10/site-packages/tenacity/_asyncio.py\", line 47, in __call__\n    do = self.iter(retry_state=retry_state)\n  File \"/opt/hostedtoolcache/Python/3.10.13/x64/lib/python3.10/site-packages/tenacity/__init__.py\", line 325, in iter\n    raise retry_exc.reraise()\n  File \"/opt/hostedtoolcache/Python/3.10.13/x64/lib/python3.10/site-packages/tenacity/__init__.py\", line 158, in reraise\n    raise self.last_attempt.result()\n  File \"/opt/hostedtoolcache/Python/3.10.13/x64/lib/python3.10/concurrent/futures/_base.py\", line 451, in result\n    return self.__get_result()\n  File \"/opt/hostedtoolcache/Python/3.10.13/x64/lib/python3.10/concurrent/futures/_base.py\", line 403, in __get_result\n    raise self._exception\n  File \"/opt/hostedtoolcache/Python/3.10.13/x64/lib/python3.10/site-packages/tenacity/_asyncio.py\", line 50, in __call__\n    result = await fn(*args, **kwargs)\n  File \"/home/runner/work/Epic-game-Free/Epic-game-Free/epic/src/epic_games/agent.py\", line 338, in claim_weekly_games\n    await page.wait_for_url(recur_url)\n  File \"/opt/hostedtoolcache/Python/3.10.13/x64/lib/python3.10/site-packages/playwright/async_api/_generated.py\", line 9432, in wait_for_url\n    await self._impl_obj.wait_for_url(\n  File \"/opt/hostedtoolcache/Python/3.10.13/x64/lib/python3.10/site-packages/playwright/_impl/_page.py\", line 508, in wait_for_url\n    return await self._main_frame.wait_for_url(**locals_to_params(locals()))\n  File \"/opt/hostedtoolcache/Python/3.10.13/x64/lib/python3.10/site-packages/playwright/_impl/_frame.py\", line 237, in wait_for_url\n    async with self.expect_navigation(\n  File \"/opt/hostedtoolcache/Python/3.10.13/x64/lib/python3.10/site-packages/playwright/_impl/_event_context_manager.py\", line 33, in __aexit__\n    await self._future\n  File \"/opt/hostedtoolcache/Python/3.10.13/x64/lib/python3.10/site-packages/playwright/_impl/_frame.py\", line 212, in continuation\n    event = await waiter.result()\nplaywright._impl._errors.TimeoutError: Timeout 30000ms exceeded.\n=========================== logs ===========================\nwaiting for navigation to \"https://store.epicgames.com/en-US/cart/success\" until 'load'\n============================================================\n\nDuring handling of the above exception, another exception occurred:\n\nTraceback (most recent call last):\n  File \"/home/runner/work/Epic-game-Free/Epic-game-Free/epic/src/claim.py\", line 162, in <module>\n    asyncio.run(run())\n  File \"/opt/hostedtoolcache/Python/3.10.13/x64/lib/python3.10/asyncio/runners.py\", line 44, in run\n    return loop.run_until_complete(main)\n  File \"/opt/hostedtoolcache/Python/3.10.13/x64/lib/python3.10/asyncio/base_events.py\", line 636, in run_until_complete\n    self.run_forever()\n  File \"/opt/hostedtoolcache/Python/3.10.13/x64/lib/python3.10/asyncio/base_events.py\", line 603, in run_forever\n    self._run_once()\n  File \"/opt/hostedtoolcache/Python/3.10.13/x64/lib/python3.10/asyncio/base_events.py\", line 1909, in _run_once\n    handle._run()\n  File \"/opt/hostedtoolcache/Python/3.10.13/x64/lib/python3.10/asyncio/events.py\", line 80, in _run\n    self._context.run(self._callback, *self._args)\n> File \"/home/runner/work/Epic-game-Free/Epic-game-Free/epic/src/claim.py\", line 158, in run\n    await agent.stash()\n  File \"/home/runner/work/Epic-game-Free/Epic-game-Free/epic/src/claim.py\", line 139, in stash\n    async with async_playwright() as p:\n  File \"/opt/hostedtoolcache/Python/3.10.13/x64/lib/python3.10/site-packages/playwright/async_api/_context_manager.py\", line 58, in __aexit__\n    await self._connection.stop_async()\n  File \"/opt/hostedtoolcache/Python/3.10.13/x64/lib/python3.10/site-packages/playwright/_impl/_connection.py\", line 289, in stop_async\n    self.cleanup()\n  File \"/opt/hostedtoolcache/Python/3.10.13/x64/lib/python3.10/site-packages/playwright/_impl/_connection.py\", line 300, in cleanup\n    callback.future.set_exception(self._closed_error)\nasyncio.exceptions.InvalidStateError: invalid state\n", "record": {"elapsed": {"repr": "0:03:19.043776", "seconds": 199.043776}, "exception": {"type": "InvalidStateError", "value": "invalid state", "traceback": true}, "extra": {}, "file": {"name": "claim.py", "path": "/home/runner/work/Epic-game-Free/Epic-game-Free/epic/src/claim.py"}, "function": "run", "level": {"icon": "‚ùå", "name": "ERROR", "no": 40}, "line": 158, "message": "An error has been caught in function 'run', process 'MainProcess' (3503), thread 'MainThread' (140217038891904):", "module": "claim", "name": "__main__", "process": {"id": 3503, "name": "MainProcess"}, "thread": {"id": 140217038891904, "name": "MainThread"}, "time": {"repr": "2024-02-04 06:31:15.871297+08:00", "timestamp": 1706999475.871297}}}
